# Logfile created on Mon Jan 22 07:45:04 CST 2007 by logger.rb/1.5.2.7
Migrating to Beta1Schema (1)
Migrating to Beta2ChangesBulk (2)
Migrating to Beta1Schema (1)
Migrating to Beta2ChangesBulk (2)
** Erubis 2.7.0
** Erubis 2.7.0


Processing WikiController#index (for 127.0.0.1 at 2012-05-28 00:52:47) [GET]
Redirected to http://localhost:2501/create_system
Completed in 52ms (DB: 0) | 302 Found [http://localhost/]


Processing AdminController#create_system (for 127.0.0.1 at 2012-05-28 00:52:47) [GET]
Checking DNSBL 1.0.0.127.bl.spamcop.net
Checking DNSBL 1.0.0.127.sbl-xbl.spamhaus.org
127.0.0.1 added to DNSBL passed cache
Rendering template within layouts/default
Rendering admin/create_system
Completed in 438ms (View: 82, DB: 0) | 200 OK [http://localhost/create_system]


Processing AdminController#create_system (for 127.0.0.1 at 2012-05-28 00:52:59) [POST]
  Parameters: {"_form_key"=>"a0d64e4e7958f9045b05c79e56a0df8fd0ba0c7b", "web_name"=>"Wiki", "web_address"=>"wiki", "password"=>"mapsalot", "password_check"=>"mapsalot"}
Expired fragment: views/wiki/recently_revised (0.2ms)
Expired fragment: views/wiki/list (0.2ms)
Expired fragment: views/wiki/authors (0.1ms)
Expired fragment: views/wiki/atom_with_content (0.1ms)
Expired fragment: views/wiki/atom_with_headlines (0.1ms)
Expired fragment: views/wiki/file_list (0.1ms)
Expired fragment: views/wiki/file_list/file_name (0.1ms)
Expired fragment: views/wiki/file_list/created_at (0.1ms)
Expired fragment: views/wiki/recently_revised (0.1ms)
Expired fragment: views/wiki/list (0.1ms)
Expired fragment: views/wiki/authors (0.1ms)
Expired fragment: views/wiki/atom_with_content (0.2ms)
Expired fragment: views/wiki/atom_with_headlines (0.1ms)
Expired fragment: views/wiki/file_list (0.1ms)
Expired fragment: views/wiki/file_list/file_name (0.2ms)
Expired fragment: views/wiki/file_list/created_at (0.1ms)
Expired fragment: views/wiki/recently_revised (0.2ms)
Expired fragment: views/wiki/list (0.1ms)
Expired fragment: views/wiki/authors (0.3ms)
Expired fragment: views/wiki/atom_with_content (0.1ms)
Expired fragment: views/wiki/atom_with_headlines (0.1ms)
Expired fragment: views/wiki/file_list (0.1ms)
Expired fragment: views/wiki/file_list/file_name (0.1ms)
Expired fragment: views/wiki/file_list/created_at (0.1ms)
Redirected to http://localhost:2501/wiki/new/HomePage
Completed in 388ms (DB: 2) | 302 Found [http://localhost/create_system]


Processing WikiController#new (for 127.0.0.1 at 2012-05-28 00:52:59) [GET]
  Parameters: {"web"=>"wiki", "id"=>"HomePage"}
Reading page 'HomePage' from web 'wiki'
Page 'HomePage' not found
Rendering template within layouts/default
Rendering wiki/new
Completed in 90ms (View: 85, DB: 1) | 200 OK [http://localhost/wiki/new/HomePage]


Processing WikiController#save (for 127.0.0.1 at 2012-05-28 00:53:11) [POST]
  Parameters: {"_form_key"=>"bee881189e5cd4f75757a95bedd3677cac9dfe67", "content"=>"This is some crazp\r\n", "author"=>"AnonymousCoward", "web"=>"wiki", "id"=>"HomePage"}
Reading page 'HomePage' from web 'wiki'
Page 'HomePage' not found
127.0.0.1
Maruku took 0.000681852 seconds.
Maruku took 0.000272839 seconds.
Expired fragment: views/wiki/show/HomePage (0.3ms)
Expired fragment: views/wiki/published/HomePage (0.1ms)
Expired fragment: views/wiki/s5/HomePage (0.1ms)
Expired fragment: views/wiki/tex/HomePage (0.1ms)
Expired fragment: views/wiki/print/HomePage (0.1ms)
Expired fragment: views/wiki/history/HomePage (0.1ms)
Expired fragment: views/wiki/source/HomePage (0.1ms)
Expired fragment: views/wiki/show/diff/HomePage (0.1ms)
Expired fragment: views/wiki/recently_revised (0.1ms)
Expired fragment: views/wiki/list (0.1ms)
Expired fragment: views/wiki/authors (0.1ms)
Expired fragment: views/wiki/atom_with_content (0.1ms)
Expired fragment: views/wiki/atom_with_headlines (0.1ms)
Expired fragment: views/wiki/file_list (0.1ms)
Expired fragment: views/wiki/file_list/file_name (0.1ms)
Expired fragment: views/wiki/file_list/created_at (0.2ms)
Expired fragment: views/wiki/show/HomePage (0.2ms)
Expired fragment: views/wiki/published/HomePage (0.2ms)
Expired fragment: views/wiki/s5/HomePage (0.1ms)
Expired fragment: views/wiki/tex/HomePage (0.1ms)
Expired fragment: views/wiki/print/HomePage (0.1ms)
Expired fragment: views/wiki/history/HomePage (0.1ms)
Expired fragment: views/wiki/source/HomePage (0.1ms)
Expired fragment: views/wiki/show/diff/HomePage (0.1ms)
Redirected to http://localhost:2501/wiki/show/HomePage
Completed in 413ms (DB: 3) | 302 Found [http://localhost/wiki/save/HomePage]


Processing WikiController#show (for 127.0.0.1 at 2012-05-28 00:53:11) [GET]
  Parameters: {"web"=>"wiki", "id"=>"HomePage"}
Reading page 'HomePage' from web 'wiki'
Page 'HomePage'  found
Cached fragment hit: views/wiki/show/HomePage (0.2ms)
Rendering template within layouts/default
Rendering wiki/page
Maruku took 0.000587032 seconds.
Maruku took 0.000308485 seconds.
Rendered wiki/_inbound_links (1.0ms)
Cached fragment miss: localhost:2501/wiki/show/HomePage (1.1ms)
Completed in 95ms (View: 87, DB: 2) | 200 OK [http://localhost/wiki/show/HomePage]


Processing DiscussionPostsController#index (for 127.0.0.1 at 2012-05-28 00:53:30) [GET]

ActiveRecord::StatementInvalid (SQLite3::SQLException: no such table: discussion_posts: SELECT * FROM "discussion_posts" ):
  app/controllers/discussion_posts_controller.rb:5:in `index'


Rendered rescues/_trace (15.5ms)
Rendered rescues/_request_and_response (0.9ms)
Rendering rescues/layout (internal_server_error)


Processing DiscussionPostsController#index (for 127.0.0.1 at 2012-05-28 00:53:54) [GET]

ActiveRecord::StatementInvalid (SQLite3::SQLException: no such table: discussion_posts: SELECT * FROM "discussion_posts" ):
  app/controllers/discussion_posts_controller.rb:5:in `index'


Rendered rescues/_trace (14.5ms)
Rendered rescues/_request_and_response (0.3ms)
Rendering rescues/layout (internal_server_error)


Processing DiscussionPostsController#index (for 127.0.0.1 at 2012-05-28 00:53:56) [GET]

ActiveRecord::StatementInvalid (SQLite3::SQLException: no such table: discussion_posts: SELECT * FROM "discussion_posts" ):
  app/controllers/discussion_posts_controller.rb:5:in `index'


Rendered rescues/_trace (13.4ms)
Rendered rescues/_request_and_response (0.3ms)
Rendering rescues/layout (internal_server_error)


Processing DiscussionPostsController#index (for 127.0.0.1 at 2012-05-28 01:04:10) [GET]

ActiveRecord::StatementInvalid (SQLite3::SQLException: no such table: discussion_posts: SELECT * FROM "discussion_posts" ):
  app/controllers/discussion_posts_controller.rb:5:in `index'


Rendered rescues/_trace (12.5ms)
Rendered rescues/_request_and_response (0.2ms)
Rendering rescues/layout (internal_server_error)
** Erubis 2.7.0


Processing DiscussionPostsController#index (for 127.0.0.1 at 2012-05-28 01:06:24) [GET]
Rendering template within layouts/discussion_posts
Rendering discussion_posts/index
Completed in 6ms (View: 3, DB: 1) | 200 OK [http://localhost/discussion_posts]


Processing DiscussionPostsController#new (for 127.0.0.1 at 2012-05-28 01:06:28) [GET]
Rendering template within layouts/discussion_posts
Rendering discussion_posts/new
Completed in 54ms (View: 53, DB: 0) | 200 OK [http://localhost/discussion_posts/new]


Processing DiscussionPostsController#create (for 127.0.0.1 at 2012-05-28 01:07:37) [POST]
  Parameters: {"_form_key"=>"109f71cdf5df7c317076b1fa323ec4e492442430", "discussion_post"=>{"author"=>"Chris", "content"=>"This is some test context. Still need to get LaTeX and everything set up\r\n\r\n### Markdown\r\n\r\n$$ e ^ {i\\pi} = -1 $$", "web_id"=>"wiki"}, "commit"=>"Create"}
Redirected to http://localhost:2501/discussion_posts/1
Completed in 288ms (DB: 0) | 302 Found [http://localhost/discussion_posts]


Processing DiscussionPostsController#show (for 127.0.0.1 at 2012-05-28 01:07:37) [GET]
  Parameters: {"id"=>"1"}
Rendering template within layouts/discussion_posts
Rendering discussion_posts/show
Completed in 3ms (View: 2, DB: 0) | 200 OK [http://localhost/discussion_posts/1]


Processing WikiController#index (for 127.0.0.1 at 2012-05-28 01:07:43) [GET]
Redirected to http://localhost:2501/wiki/show/HomePage
Completed in 2ms (DB: 0) | 302 Found [http://localhost/]


Processing WikiController#show (for 127.0.0.1 at 2012-05-28 01:07:43) [GET]
  Parameters: {"web"=>"wiki", "id"=>"HomePage"}
Reading page 'HomePage' from web 'wiki'
Page 'HomePage'  found
Cached fragment hit: views/wiki/show/HomePage (0.1ms)
Filter chain halted as [#<ActionController::Filters::AroundFilter:0x000000039f83e8 @kind=:filter, @method=#<Proc:0x000000039f86b8@/home/cts/code/instiki-dev/vendor/rails/actionpack/lib/action_controller/caching/actions.rb:64>, @identifier=nil, @options={:only=>#<Set: {"show", "published", "authors", "tex", "s5", "print", "recently_revised", "list", "file_list", "source", "history", "revision", "atom_with_content", "atom_with_headlines"}>, :if=>#<Proc:0x000000039f8898@/home/cts/code/instiki-dev/app/controllers/wiki_controller.rb:13>, :unless=>nil}>] did_not_yield.
Completed in 5ms (View: 0, DB: 1) | 200 OK [http://localhost/wiki/show/HomePage]


Processing WikiController#index (for 127.0.0.1 at 2012-05-28 13:30:38) [GET]
Redirected to http://localhost:2501/wiki/show/HomePage
Completed in 3ms (DB: 1) | 302 Found [http://localhost/]


Processing WikiController#show (for 127.0.0.1 at 2012-05-28 13:30:39) [GET]
  Parameters: {"web"=>"wiki", "id"=>"HomePage"}
Reading page 'HomePage' from web 'wiki'
Page 'HomePage'  found
Cached fragment hit: views/wiki/show/HomePage (0.2ms)
Filter chain halted as [#<ActionController::Filters::AroundFilter:0x000000039f83e8 @kind=:filter, @method=#<Proc:0x000000039f86b8@/home/cts/code/instiki-dev/vendor/rails/actionpack/lib/action_controller/caching/actions.rb:64>, @identifier=nil, @options={:only=>#<Set: {"show", "published", "authors", "tex", "s5", "print", "recently_revised", "list", "file_list", "source", "history", "revision", "atom_with_content", "atom_with_headlines"}>, :if=>#<Proc:0x000000039f8898@/home/cts/code/instiki-dev/app/controllers/wiki_controller.rb:13>, :unless=>nil}>] did_not_yield.
Completed in 5ms (View: 0, DB: 1) | 200 OK [http://localhost/wiki/show/HomePage]


Processing WikiController#list (for 127.0.0.1 at 2012-05-28 13:33:52) [GET]
  Parameters: {"web"=>"wiki"}
Cached fragment hit: views/wiki/list (0.3ms)
Rendering template within layouts/default
Rendering wiki/list
Cached fragment miss: localhost:2501/wiki/list (0.6ms)
Completed in 141ms (View: 133, DB: 2) | 200 OK [http://localhost/wiki/list]


Processing WikiController#show (for 127.0.0.1 at 2012-05-28 13:50:18) [GET]
  Parameters: {"web"=>"wiki", "id"=>"HomePage"}
Reading page 'HomePage' from web 'wiki'
Page 'HomePage'  found
Cached fragment hit: views/wiki/show/HomePage (0.1ms)
Filter chain halted as [#<ActionController::Filters::AroundFilter:0x000000039f83e8 @kind=:filter, @method=#<Proc:0x000000039f86b8@/home/cts/code/instiki-dev/vendor/rails/actionpack/lib/action_controller/caching/actions.rb:64>, @identifier=nil, @options={:only=>#<Set: {"show", "published", "authors", "tex", "s5", "print", "recently_revised", "list", "file_list", "source", "history", "revision", "atom_with_content", "atom_with_headlines"}>, :if=>#<Proc:0x000000039f8898@/home/cts/code/instiki-dev/app/controllers/wiki_controller.rb:13>, :unless=>nil}>] did_not_yield.
Completed in 5ms (View: 0, DB: 1) | 200 OK [http://localhost/wiki/show/HomePage]
** Erubis 2.7.0


Processing WikiController#show (for 127.0.0.1 at 2012-05-28 13:53:57) [GET]
  Parameters: {"web"=>"wiki", "id"=>"HomePage"}
Reading page 'HomePage' from web 'wiki'
Page 'HomePage'  found
Cached fragment hit: views/wiki/show/HomePage (0.1ms)
Filter chain halted as [#<ActionController::Filters::AroundFilter:0x00000004474a10 @kind=:filter, @method=#<Proc:0x00000004474f10@/home/cts/code/instiki-dev/vendor/rails/actionpack/lib/action_controller/caching/actions.rb:64>, @identifier=nil, @options={:only=>#<Set: {"show", "published", "authors", "tex", "s5", "print", "recently_revised", "list", "file_list", "source", "history", "revision", "atom_with_content", "atom_with_headlines"}>, :if=>#<Proc:0x00000004475208@/home/cts/code/instiki-dev/app/controllers/wiki_controller.rb:13>, :unless=>nil}>] did_not_yield.
Completed in 45ms (View: 0, DB: 1) | 200 OK [http://localhost/wiki/show/HomePage]


Processing WikiController#show (for 127.0.0.1 at 2012-05-28 14:08:38) [GET]
  Parameters: {"web"=>"wiki", "id"=>"HomePage"}
Reading page 'HomePage' from web 'wiki'
Page 'HomePage'  found
Cached fragment hit: views/wiki/show/HomePage (0.1ms)
Filter chain halted as [#<ActionController::Filters::AroundFilter:0x00000004474a10 @kind=:filter, @method=#<Proc:0x00000004474f10@/home/cts/code/instiki-dev/vendor/rails/actionpack/lib/action_controller/caching/actions.rb:64>, @identifier=nil, @options={:only=>#<Set: {"show", "published", "authors", "tex", "s5", "print", "recently_revised", "list", "file_list", "source", "history", "revision", "atom_with_content", "atom_with_headlines"}>, :if=>#<Proc:0x00000004475208@/home/cts/code/instiki-dev/app/controllers/wiki_controller.rb:13>, :unless=>nil}>] did_not_yield.
Completed in 6ms (View: 0, DB: 1) | 200 OK [http://localhost/wiki/show/HomePage]


Processing WikiController#show (for 127.0.0.1 at 2012-05-28 14:14:25) [GET]
  Parameters: {"web"=>"wiki", "id"=>"HomePage"}
Reading page 'HomePage' from web 'wiki'
Page 'HomePage'  found
Cached fragment hit: views/wiki/show/HomePage (0.3ms)
Filter chain halted as [#<ActionController::Filters::AroundFilter:0x00000004474a10 @kind=:filter, @method=#<Proc:0x00000004474f10@/home/cts/code/instiki-dev/vendor/rails/actionpack/lib/action_controller/caching/actions.rb:64>, @identifier=nil, @options={:only=>#<Set: {"show", "published", "authors", "tex", "s5", "print", "recently_revised", "list", "file_list", "source", "history", "revision", "atom_with_content", "atom_with_headlines"}>, :if=>#<Proc:0x00000004475208@/home/cts/code/instiki-dev/app/controllers/wiki_controller.rb:13>, :unless=>nil}>] did_not_yield.
Completed in 6ms (View: 0, DB: 1) | 200 OK [http://localhost/wiki/show/HomePage]


Processing WikiController#show (for 127.0.0.1 at 2012-05-28 14:15:23) [GET]
  Parameters: {"web"=>"wiki", "id"=>"HomePage"}
Reading page 'HomePage' from web 'wiki'
Page 'HomePage'  found
Cached fragment hit: views/wiki/show/HomePage (0.1ms)
Filter chain halted as [#<ActionController::Filters::AroundFilter:0x00000004474a10 @kind=:filter, @method=#<Proc:0x00000004474f10@/home/cts/code/instiki-dev/vendor/rails/actionpack/lib/action_controller/caching/actions.rb:64>, @identifier=nil, @options={:only=>#<Set: {"show", "published", "authors", "tex", "s5", "print", "recently_revised", "list", "file_list", "source", "history", "revision", "atom_with_content", "atom_with_headlines"}>, :if=>#<Proc:0x00000004475208@/home/cts/code/instiki-dev/app/controllers/wiki_controller.rb:13>, :unless=>nil}>] did_not_yield.
Completed in 5ms (View: 0, DB: 1) | 200 OK [http://localhost/wiki/show/HomePage]
** Erubis 2.7.0


Processing WikiController#show (for 127.0.0.1 at 2012-05-28 14:15:55) [GET]
  Parameters: {"web"=>"wiki", "id"=>"HomePage"}
Reading page 'HomePage' from web 'wiki'
Page 'HomePage'  found
Cached fragment hit: views/wiki/show/HomePage (0.1ms)
Filter chain halted as [#<ActionController::Filters::AroundFilter:0x00000004583460 @kind=:filter, @method=#<Proc:0x000000045836e0@/home/cts/code/instiki-dev/vendor/rails/actionpack/lib/action_controller/caching/actions.rb:64>, @identifier=nil, @options={:only=>#<Set: {"show", "published", "authors", "tex", "s5", "print", "recently_revised", "list", "file_list", "source", "history", "revision", "atom_with_content", "atom_with_headlines"}>, :if=>#<Proc:0x00000004583938@/home/cts/code/instiki-dev/app/controllers/wiki_controller.rb:13>, :unless=>nil}>] did_not_yield.
Completed in 44ms (View: 0, DB: 1) | 200 OK [http://localhost/wiki/show/HomePage]
** Erubis 2.7.0


Processing WikiController#show (for 127.0.0.1 at 2012-05-28 14:17:49) [GET]
  Parameters: {"web"=>"wiki", "id"=>"HomePage"}
Reading page 'HomePage' from web 'wiki'
Page 'HomePage'  found
Cached fragment hit: views/wiki/show/HomePage (0.1ms)
Filter chain halted as [#<ActionController::Filters::AroundFilter:0x00000004426c20 @kind=:filter, @method=#<Proc:0x00000004426ea0@/home/cts/code/instiki-dev/vendor/rails/actionpack/lib/action_controller/caching/actions.rb:64>, @identifier=nil, @options={:only=>#<Set: {"show", "published", "authors", "tex", "s5", "print", "recently_revised", "list", "file_list", "source", "history", "revision", "atom_with_content", "atom_with_headlines"}>, :if=>#<Proc:0x000000044270f8@/home/cts/code/instiki-dev/app/controllers/wiki_controller.rb:13>, :unless=>nil}>] did_not_yield.
Completed in 45ms (View: 0, DB: 1) | 200 OK [http://localhost/wiki/show/HomePage]
** Erubis 2.7.0


Processing WikiController#show (for 127.0.0.1 at 2012-05-28 14:19:00) [GET]
  Parameters: {"web"=>"wiki", "id"=>"HomePage"}
Reading page 'HomePage' from web 'wiki'
Page 'HomePage'  found
Cached fragment hit: views/wiki/show/HomePage (0.1ms)
Filter chain halted as [#<ActionController::Filters::AroundFilter:0x000000049b0b00 @kind=:filter, @method=#<Proc:0x000000049b0d80@/home/cts/code/instiki-dev/vendor/rails/actionpack/lib/action_controller/caching/actions.rb:64>, @identifier=nil, @options={:only=>#<Set: {"show", "published", "authors", "tex", "s5", "print", "recently_revised", "list", "file_list", "source", "history", "revision", "atom_with_content", "atom_with_headlines"}>, :if=>#<Proc:0x000000049b0fd8@/home/cts/code/instiki-dev/app/controllers/wiki_controller.rb:13>, :unless=>nil}>] did_not_yield.
Completed in 45ms (View: 0, DB: 1) | 200 OK [http://localhost/wiki/show/HomePage]
** Erubis 2.7.0
